
Apr 29, 2025 3:52:59 PM za.co.wethinkcode.robots.utilities.LOG addToLog
INFO: mxo HAS ENTERED THE WORLD!

Apr 29, 2025 3:53:02 PM za.co.wethinkcode.robots.utilities.LOG addToLog
INFO: ISSUE : SERVER HAS DISCONNECTED.

Apr 29, 2025 3:53:53 PM za.co.wethinkcode.robots.utilities.LOG addToLog
INFO: sbu HAS ENTERED THE WORLD!

Apr 29, 2025 3:53:57 PM za.co.wethinkcode.robots.utilities.LOG addToLog
SEVERE:  sbu: Unsupported command: khjffggh

Apr 29, 2025 3:55:31 PM za.co.wethinkcode.robots.utilities.LOG addToLog
INFO: ISSUE : SERVER HAS DISCONNECTED.

Apr 29, 2025 4:17:05 PM za.co.wethinkcode.robots.utilities.LOG addToLog
INFO: mxo HAS ENTERED THE WORLD!

Apr 29, 2025 4:18:53 PM za.co.wethinkcode.robots.utilities.LOG addToLog
INFO: ISSUE : SERVER HAS DISCONNECTED.

Apr 29, 2025 4:19:08 PM za.co.wethinkcode.robots.utilities.LOG addToLog
INFO: mxo HAS ENTERED THE WORLD!

Apr 29, 2025 4:21:25 PM za.co.wethinkcode.robots.utilities.LOG addToLog
INFO: ISSUE : SERVER HAS DISCONNECTED.

Apr 29, 2025 4:21:40 PM za.co.wethinkcode.robots.utilities.LOG addToLog
INFO: mxo HAS ENTERED THE WORLD!

Apr 29, 2025 4:21:42 PM za.co.wethinkcode.robots.utilities.LOG addToLog
ERROR:  mxo: Unsupported command: kljghfd

Apr 29, 2025 4:23:19 PM za.co.wethinkcode.robots.utilities.LOG addToLog
INFO: ISSUE : SERVER HAS DISCONNECTED.

Apr 29, 2025 6:53:02 PM za.co.wethinkcode.robots.utilities.LOG addToLog
INFO: mxo HAS ENTERED THE WORLD!

Apr 29, 2025 6:53:12 PM za.co.wethinkcode.robots.utilities.LOG addToLog
INFO: ISSUE : SERVER HAS DISCONNECTED.

Apr 29, 2025 6:57:06 PM za.co.wethinkcode.robots.utilities.LOG addToLog
INFO: mxo HAS ENTERED THE WORLD!

Apr 29, 2025 6:57:09 PM za.co.wethinkcode.robots.utilities.LOG addToLog
ISSUE:  SERVER HAS DISCONNECTED.

Apr 29, 2025 7:12:25 PM za.co.wethinkcode.robots.utilities.LOG addToLog
INFO: mxo HAS ENTERED THE WORLD!

Apr 29, 2025 7:12:27 PM za.co.wethinkcode.robots.utilities.LOG addToLog
UNKNOWN_COMMAND: mxo-> Unsupported command: jhgfd

Apr 29, 2025 7:14:23 PM za.co.wethinkcode.robots.utilities.LOG addToLog
ISSUE:  SERVER HAS DISCONNECTED.

May 01, 2025 12:01:32 PM za.co.wethinkcode.robots.utilities.LOG addToLog
INFO: mxo HAS ENTERED THE WORLD!

May 01, 2025 12:02:29 PM za.co.wethinkcode.robots.utilities.LOG addToLog
ISSUE:  SERVER HAS DISCONNECTED.

May 01, 2025 12:30:35 PM za.co.wethinkcode.robots.utilities.LOG addToLog
INFO: mxo HAS ENTERED THE WORLD!

May 01, 2025 12:30:51 PM za.co.wethinkcode.robots.utilities.LOG addToLog
INFO: sbu HAS ENTERED THE WORLD!

May 01, 2025 12:31:30 PM za.co.wethinkcode.robots.utilities.LOG addToLog
ISSUE:  SERVER HAS DISCONNECTED.

May 01, 2025 12:37:06 PM za.co.wethinkcode.robots.utilities.LOG addToLog
INFO: mxo HAS ENTERED THE WORLD!

May 01, 2025 12:37:09 PM za.co.wethinkcode.robots.utilities.LOG addToLog
INFO: sbu HAS ENTERED THE WORLD!

May 01, 2025 12:37:17 PM za.co.wethinkcode.robots.utilities.LOG addToLog
UNKNOWN_COMMAND: mxo -> No enum constant za.co.wethinkcode.robots.robot.RobotProperties.MXO

May 01, 2025 12:37:38 PM za.co.wethinkcode.robots.utilities.LOG addToLog
UNKNOWN_COMMAND: mxo -> No enum constant za.co.wethinkcode.robots.robot.RobotProperties.MXO

May 01, 2025 12:39:18 PM za.co.wethinkcode.robots.utilities.LOG addToLog
UNKNOWN_COMMAND: sbu -> No enum constant za.co.wethinkcode.robots.robot.RobotProperties.SBU

May 01, 2025 12:39:25 PM za.co.wethinkcode.robots.utilities.LOG addToLog
UNKNOWN_COMMAND: mxo -> No enum constant za.co.wethinkcode.robots.robot.RobotProperties.MXO

May 01, 2025 12:40:02 PM za.co.wethinkcode.robots.utilities.LOG addToLog
ISSUE:  SERVER HAS DISCONNECTED.

May 01, 2025 12:40:46 PM za.co.wethinkcode.robots.utilities.LOG addToLog
INFO: mxo HAS ENTERED THE WORLD!

May 01, 2025 12:40:49 PM za.co.wethinkcode.robots.utilities.LOG addToLog
INFO: sbu HAS ENTERED THE WORLD!

May 01, 2025 12:41:05 PM za.co.wethinkcode.robots.utilities.LOG addToLog
UNKNOWN_COMMAND: sbu -> No enum constant za.co.wethinkcode.robots.robot.RobotProperties.BIG

May 01, 2025 12:41:10 PM za.co.wethinkcode.robots.utilities.LOG addToLog
INFO: mxo HAS LEFT THE WORLD!

May 01, 2025 12:41:37 PM za.co.wethinkcode.robots.utilities.LOG addToLog
INFO: sbu HAS LEFT THE WORLD!

May 01, 2025 1:49:35 PM za.co.wethinkcode.robots.utilities.LOG addToLog
INFO: mxo HAS ENTERED THE WORLD!

May 01, 2025 1:53:55 PM za.co.wethinkcode.robots.utilities.LOG addToLog
ISSUE:  SERVER HAS DISCONNECTED.

May 01, 2025 1:54:22 PM za.co.wethinkcode.robots.utilities.LOG addToLog
INFO: mxo HAS ENTERED THE WORLD!

May 01, 2025 1:54:26 PM za.co.wethinkcode.robots.utilities.LOG addToLog
INFO: sbu HAS ENTERED THE WORLD!

May 01, 2025 1:55:24 PM za.co.wethinkcode.robots.utilities.LOG addToLog
INFO: mxo HAS LEFT THE WORLD!

May 01, 2025 1:55:32 PM za.co.wethinkcode.robots.utilities.LOG addToLog
ISSUE:  SERVER HAS DISCONNECTED.

