

Apr 29, 2025 3:52:45 PM za.co.wethinkcode.robots.utilities.LOG addToLog
INFO: SERVER STARTED ON PORT : 9999

Apr 29, 2025 3:52:45 PM za.co.wethinkcode.robots.utilities.LOG addToLog
INFO: WORLD CREATED : za.co.wethinkcode.robots.world.World@4ee285c6

Apr 29, 2025 3:52:59 PM za.co.wethinkcode.robots.utilities.LOG addToLog
INFO: mxo HAS CONNECTED TO THE SERVER!

Apr 29, 2025 3:53:02 PM za.co.wethinkcode.robots.utilities.LOG addToLog
INFO: SERVER HAS BEEN CLOSED.

Apr 29, 2025 3:53:02 PM za.co.wethinkcode.robots.utilities.LOG addToLog
WARNING:  SOME CLIENTS ARE STILL CONNECTED TO THE SERVER.

Apr 29, 2025 3:53:43 PM za.co.wethinkcode.robots.utilities.LOG addToLog
INFO: SERVER STARTED ON PORT : 9999

Apr 29, 2025 3:53:43 PM za.co.wethinkcode.robots.utilities.LOG addToLog
INFO: WORLD CREATED : za.co.wethinkcode.robots.world.World@4ee285c6

Apr 29, 2025 3:53:53 PM za.co.wethinkcode.robots.utilities.LOG addToLog
INFO: sbu HAS CONNECTED TO THE SERVER!

Apr 29, 2025 3:55:31 PM za.co.wethinkcode.robots.utilities.LOG addToLog
INFO: SERVER HAS BEEN CLOSED.

Apr 29, 2025 3:55:31 PM za.co.wethinkcode.robots.utilities.LOG addToLog
WARNING:  SOME CLIENTS WERE STILL CONNECTED TO THE SERVER.

Apr 29, 2025 4:16:56 PM za.co.wethinkcode.robots.utilities.LOG addToLog
INFO: SERVER STARTED ON PORT : 9999

Apr 29, 2025 4:16:56 PM za.co.wethinkcode.robots.utilities.LOG addToLog
INFO: WORLD CREATED : za.co.wethinkcode.robots.world.World@4ee285c6

Apr 29, 2025 4:17:05 PM za.co.wethinkcode.robots.utilities.LOG addToLog
INFO: mxo HAS CONNECTED TO THE SERVER!

Apr 29, 2025 4:18:53 PM za.co.wethinkcode.robots.utilities.LOG addToLog
INFO: SERVER HAS BEEN CLOSED.

Apr 29, 2025 4:18:53 PM za.co.wethinkcode.robots.utilities.LOG addToLog
WARNING:  SOME CLIENTS WERE STILL CONNECTED TO THE SERVER.

Apr 29, 2025 4:18:58 PM za.co.wethinkcode.robots.utilities.LOG addToLog
INFO: SERVER STARTED ON PORT : 9999

Apr 29, 2025 4:18:58 PM za.co.wethinkcode.robots.utilities.LOG addToLog
INFO: WORLD CREATED : za.co.wethinkcode.robots.world.World@4ee285c6

Apr 29, 2025 4:19:08 PM za.co.wethinkcode.robots.utilities.LOG addToLog
INFO: mxo HAS CONNECTED TO THE SERVER!

Apr 29, 2025 4:21:25 PM za.co.wethinkcode.robots.utilities.LOG addToLog
INFO: SERVER HAS BEEN CLOSED.

Apr 29, 2025 4:21:25 PM za.co.wethinkcode.robots.utilities.LOG addToLog
WARNING:  SOME CLIENTS WERE STILL CONNECTED TO THE SERVER.

Apr 29, 2025 4:21:28 PM za.co.wethinkcode.robots.utilities.LOG addToLog
INFO: SERVER STARTED ON PORT : 9999

Apr 29, 2025 4:21:28 PM za.co.wethinkcode.robots.utilities.LOG addToLog
INFO: WORLD CREATED : za.co.wethinkcode.robots.world.World@4ee285c6

Apr 29, 2025 4:21:40 PM za.co.wethinkcode.robots.utilities.LOG addToLog
INFO: mxo HAS CONNECTED TO THE SERVER!

Apr 29, 2025 4:23:19 PM za.co.wethinkcode.robots.utilities.LOG addToLog
INFO: SERVER HAS BEEN CLOSED.

Apr 29, 2025 4:23:19 PM za.co.wethinkcode.robots.utilities.LOG addToLog
WARNING:  SOME CLIENTS WERE STILL CONNECTED TO THE SERVER.

Apr 29, 2025 6:52:50 PM za.co.wethinkcode.robots.utilities.LOG addToLog
INFO: SERVER STARTED ON PORT : 9999

Apr 29, 2025 6:52:50 PM za.co.wethinkcode.robots.utilities.LOG addToLog
INFO: WORLD CREATED : za.co.wethinkcode.robots.world.World@4ee285c6

Apr 29, 2025 6:53:02 PM za.co.wethinkcode.robots.utilities.LOG addToLog
INFO: mxo HAS CONNECTED TO THE SERVER!

Apr 29, 2025 6:53:12 PM za.co.wethinkcode.robots.utilities.LOG addToLog
INFO: SERVER HAS BEEN CLOSED.

Apr 29, 2025 6:53:12 PM za.co.wethinkcode.robots.utilities.LOG addToLog
WARNING:  SOME CLIENTS WERE STILL CONNECTED TO THE SERVER.

Apr 29, 2025 6:56:55 PM za.co.wethinkcode.robots.utilities.LOG addToLog
INFO: SERVER STARTED ON PORT : 9999

Apr 29, 2025 6:56:55 PM za.co.wethinkcode.robots.utilities.LOG addToLog
INFO: WORLD CREATED : za.co.wethinkcode.robots.world.World@4ee285c6

Apr 29, 2025 6:57:06 PM za.co.wethinkcode.robots.utilities.LOG addToLog
INFO: mxo HAS CONNECTED TO THE SERVER!

Apr 29, 2025 6:57:09 PM za.co.wethinkcode.robots.utilities.LOG addToLog
INFO: SERVER HAS BEEN CLOSED.

Apr 29, 2025 6:57:09 PM za.co.wethinkcode.robots.utilities.LOG addToLog
WARNING:  SOME CLIENTS WERE STILL CONNECTED TO THE SERVER.

Apr 29, 2025 7:12:15 PM za.co.wethinkcode.robots.utilities.LOG addToLog
INFO: SERVER STARTED ON PORT : 9999

Apr 29, 2025 7:12:15 PM za.co.wethinkcode.robots.utilities.LOG addToLog
INFO: WORLD CREATED : za.co.wethinkcode.robots.world.World@4ee285c6

Apr 29, 2025 7:12:25 PM za.co.wethinkcode.robots.utilities.LOG addToLog
INFO: mxo HAS CONNECTED TO THE SERVER!

Apr 29, 2025 7:14:23 PM za.co.wethinkcode.robots.utilities.LOG addToLog
INFO: SERVER HAS BEEN CLOSED.

Apr 29, 2025 7:14:23 PM za.co.wethinkcode.robots.utilities.LOG addToLog
WARNING:  SOME CLIENTS WERE STILL CONNECTED TO THE SERVER.

May 01, 2025 12:00:51 PM za.co.wethinkcode.robots.utilities.LOG addToLog
INFO: SERVER STARTED ON PORT : 9999

May 01, 2025 12:00:51 PM za.co.wethinkcode.robots.utilities.LOG addToLog
INFO: WORLD CREATED : za.co.wethinkcode.robots.world.World@4ee285c6

May 01, 2025 12:01:10 PM za.co.wethinkcode.robots.utilities.LOG addToLog
INFO: SERVER STARTED ON PORT : 9999

May 01, 2025 12:01:10 PM za.co.wethinkcode.robots.utilities.LOG addToLog
INFO: WORLD CREATED : za.co.wethinkcode.robots.world.World@4ee285c6

May 01, 2025 12:01:32 PM za.co.wethinkcode.robots.utilities.LOG addToLog
INFO: mxo HAS CONNECTED TO THE SERVER!

May 01, 2025 12:02:29 PM za.co.wethinkcode.robots.utilities.LOG addToLog
INFO: SERVER HAS BEEN CLOSED.

May 01, 2025 12:02:29 PM za.co.wethinkcode.robots.utilities.LOG addToLog
WARNING:  SOME CLIENTS WERE STILL CONNECTED TO THE SERVER.

May 01, 2025 12:30:26 PM za.co.wethinkcode.robots.utilities.LOG addToLog
INFO: SERVER STARTED ON PORT : 9999

May 01, 2025 12:30:27 PM za.co.wethinkcode.robots.utilities.LOG addToLog
INFO: WORLD CREATED : za.co.wethinkcode.robots.world.World@4ee285c6

May 01, 2025 12:30:35 PM za.co.wethinkcode.robots.utilities.LOG addToLog
INFO: mxo HAS CONNECTED TO THE SERVER!

May 01, 2025 12:30:51 PM za.co.wethinkcode.robots.utilities.LOG addToLog
INFO: sbu HAS CONNECTED TO THE SERVER!

May 01, 2025 12:31:17 PM za.co.wethinkcode.robots.utilities.LOG addToLog
INFO: mxo HAS LAUNCHED THEIR ROBOT TO THE WORLD!

May 01, 2025 12:31:30 PM za.co.wethinkcode.robots.utilities.LOG addToLog
INFO: SERVER HAS BEEN CLOSED.

May 01, 2025 12:31:30 PM za.co.wethinkcode.robots.utilities.LOG addToLog
WARNING:  SOME CLIENTS WERE STILL CONNECTED TO THE SERVER.

May 01, 2025 12:36:39 PM za.co.wethinkcode.robots.utilities.LOG addToLog
INFO: SERVER STARTED ON PORT : 9999

May 01, 2025 12:36:39 PM za.co.wethinkcode.robots.utilities.LOG addToLog
INFO: WORLD CREATED : za.co.wethinkcode.robots.world.World@4ee285c6

May 01, 2025 12:37:06 PM za.co.wethinkcode.robots.utilities.LOG addToLog
INFO: mxo HAS CONNECTED TO THE SERVER!

May 01, 2025 12:37:09 PM za.co.wethinkcode.robots.utilities.LOG addToLog
INFO: sbu HAS CONNECTED TO THE SERVER!

May 01, 2025 12:40:02 PM za.co.wethinkcode.robots.utilities.LOG addToLog
INFO: SERVER HAS BEEN CLOSED.

May 01, 2025 12:40:02 PM za.co.wethinkcode.robots.utilities.LOG addToLog
WARNING:  SOME CLIENTS WERE STILL CONNECTED TO THE SERVER.

May 01, 2025 12:40:17 PM za.co.wethinkcode.robots.utilities.LOG addToLog
INFO: SERVER STARTED ON PORT : 9999

May 01, 2025 12:40:17 PM za.co.wethinkcode.robots.utilities.LOG addToLog
INFO: WORLD CREATED : za.co.wethinkcode.robots.world.World@4ee285c6

May 01, 2025 12:40:46 PM za.co.wethinkcode.robots.utilities.LOG addToLog
INFO: mxo HAS CONNECTED TO THE SERVER!

May 01, 2025 12:40:49 PM za.co.wethinkcode.robots.utilities.LOG addToLog
INFO: sbu HAS CONNECTED TO THE SERVER!

May 01, 2025 12:40:57 PM za.co.wethinkcode.robots.utilities.LOG addToLog
INFO: mxo HAS LAUNCHED THEIR ROBOT TO THE WORLD!

May 01, 2025 12:41:10 PM za.co.wethinkcode.robots.utilities.LOG addToLog
INFO: mxo HAS LEFT THE SERVER!

May 01, 2025 12:41:37 PM za.co.wethinkcode.robots.utilities.LOG addToLog
INFO: sbu HAS LEFT THE SERVER!

May 01, 2025 12:41:40 PM za.co.wethinkcode.robots.utilities.LOG addToLog
INFO: SERVER HAS BEEN CLOSED.

May 01, 2025 1:49:23 PM za.co.wethinkcode.robots.utilities.LOG addToLog
INFO: SERVER STARTED ON PORT : 9999

May 01, 2025 1:49:23 PM za.co.wethinkcode.robots.utilities.LOG addToLog
INFO: WORLD CREATED : za.co.wethinkcode.robots.world.World@4ee285c6

May 01, 2025 1:49:35 PM za.co.wethinkcode.robots.utilities.LOG addToLog
INFO: mxo HAS CONNECTED TO THE SERVER!

May 01, 2025 1:53:55 PM za.co.wethinkcode.robots.utilities.LOG addToLog
INFO: SERVER HAS BEEN CLOSED.

May 01, 2025 1:53:55 PM za.co.wethinkcode.robots.utilities.LOG addToLog
WARNING:  SOME CLIENTS WERE STILL CONNECTED TO THE SERVER.

May 01, 2025 1:53:59 PM za.co.wethinkcode.robots.utilities.LOG addToLog
INFO: SERVER STARTED ON PORT : 9999

May 01, 2025 1:53:59 PM za.co.wethinkcode.robots.utilities.LOG addToLog
INFO: WORLD CREATED : za.co.wethinkcode.robots.world.World@4ee285c6

May 01, 2025 1:54:22 PM za.co.wethinkcode.robots.utilities.LOG addToLog
INFO: mxo HAS CONNECTED TO THE SERVER!

May 01, 2025 1:54:26 PM za.co.wethinkcode.robots.utilities.LOG addToLog
INFO: sbu HAS CONNECTED TO THE SERVER!

May 01, 2025 1:54:33 PM za.co.wethinkcode.robots.utilities.LOG addToLog
INFO: mxo HAS LAUNCHED THEIR ROBOT TO THE WORLD!

May 01, 2025 1:55:24 PM za.co.wethinkcode.robots.utilities.LOG addToLog
INFO: mxo HAS LEFT THE SERVER!

May 01, 2025 1:55:32 PM za.co.wethinkcode.robots.utilities.LOG addToLog
INFO: SERVER HAS BEEN CLOSED.

May 01, 2025 1:55:32 PM za.co.wethinkcode.robots.utilities.LOG addToLog
WARNING:  SOME CLIENTS WERE STILL CONNECTED TO THE SERVER.

